Executing: C:\Windows\System32\inetsrv\w3wp.exe
Executing: C:\Windows\System32\inetsrv\w3wp.exe
Executing: C:\Windows\System32\inetsrv\w3wp.exe
Executing: C:\Windows\System32\inetsrv\w3wp.exe
Executing: C:\Windows\System32\inetsrv\w3wp.exe
Executing: C:\Windows\System32\inetsrv\w3wp.exe
Executing: C:\Windows\System32\inetsrv\w3wp.exe
Executing: C:\Windows\System32\inetsrv\w3wp.exe
System.ComponentModel.Win32Exception (0x80004005): The system cannot find the file specified
   at System.Diagnostics.Process.StartWithCreateProcess(ProcessStartInfo startInfo)
   at CodeServiceHost.CodeService.CodeCoverageStart() in D:\Codes\karthi\CodeService\CodeServiceHost\CodeService.cs:line 90
System.ComponentModel.Win32Exception (0x80004005): The system cannot find the file specified
   at System.Diagnostics.Process.StartWithCreateProcess(ProcessStartInfo startInfo)
   at CodeServiceHost.CodeService.CodeCoverageStart() in D:\Codes\karthi\CodeService\CodeServiceHost\CodeService.cs:line 90
System.ComponentModel.Win32Exception (0x80004005): The system cannot find the file specified
   at System.Diagnostics.Process.StartWithCreateProcess(ProcessStartInfo startInfo)
   at CodeServiceHost.CodeService.CodeCoverageStart() in D:\Codes\karthi\CodeService\CodeServiceHost\CodeService.cs:line 90
System.ComponentModel.Win32Exception (0x80004005): The system cannot find the file specified
   at System.Diagnostics.Process.StartWithCreateProcess(ProcessStartInfo startInfo)
   at CodeServiceHost.CodeService.CodeCoverageStart() in D:\Codes\karthi\CodeService\CodeServiceHost\CodeService.cs:line 90
System.ComponentModel.Win32Exception (0x80004005): The system cannot find the file specified
   at System.Diagnostics.Process.StartWithCreateProcess(ProcessStartInfo startInfo)
   at CodeServiceHost.CodeService.CodeCoverageStart() in D:\Codes\karthi\CodeService\CodeServiceHost\CodeService.cs:line 90
System.ComponentModel.Win32Exception (0x80004005): The system cannot find the file specified
   at System.Diagnostics.Process.StartWithCreateProcess(ProcessStartInfo startInfo)
   at CodeServiceHost.CodeService.CodeCoverageStart() in D:\Codes\karthi\CodeService\CodeServiceHost\CodeService.cs:line 90
System.ComponentModel.Win32Exception (0x80004005): The system cannot find the file specified
   at System.Diagnostics.Process.StartWithCreateProcess(ProcessStartInfo startInfo)
   at CodeServiceHost.CodeService.CodeCoverageStart() in D:\Codes\karthi\CodeService\CodeServiceHost\CodeService.cs:line 90
System.InvalidOperationException: Service W3SVC was not found on computer '.'. ---> System.ComponentModel.Win32Exception: The specified service does not exist as an installed service
   --- End of inner exception stack trace ---
   at System.ServiceProcess.ServiceController.GenerateNames()
   at System.ServiceProcess.ServiceController.get_ServiceName()
   at System.ServiceProcess.ServiceController.GenerateStatus()
   at System.ServiceProcess.ServiceController.get_Status()
   at CodeServiceHost.CodeService.ServiceStop(String ServiceName) in D:\Codes\karthi\CodeService\CodeServiceHost\CodeService.cs:line 30
   at CodeServiceHost.CodeService.CodeCoverageStart() in D:\Codes\karthi\CodeService\CodeServiceHost\CodeService.cs:line 72
System.ComponentModel.Win32Exception (0x80004005): The system cannot find the file specified
   at System.Diagnostics.Process.StartWithCreateProcess(ProcessStartInfo startInfo)
   at CodeServiceHost.CodeService.CodeCoverageStart() in D:\Codes\karthi\CodeService\CodeServiceHost\CodeService.cs:line 90
